


ARM Macro Assembler    Page 1 


    1 00000000         ;/******************************************************
                       ***********************
    2 00000000         ; * @file:    startup_SAM3XA.s
    3 00000000         ; * @purpose: CMSIS Cortex-M3 Core Device Startup File 
    4 00000000         ; *           for the Atmel SAM3XA Device Series 
    5 00000000         ; * @version: V1.20
    6 00000000         ; * @date:    14. December 2015
    7 00000000         ; *------- <<< Use Configuration Wizard in Context Menu 
                       >>> ------------------
    8 00000000         ; *
    9 00000000         ; * Copyright (C) 2010-2013 ARM Limited. All rights rese
                       rved.
   10 00000000         ; * ARM Limited (ARM) is supplying this software for use
                        with Cortex-M3 
   11 00000000         ; * processor based microcontrollers.  This file can be 
                       freely distributed 
   12 00000000         ; * within development tools that are supporting such AR
                       M based processors. 
   13 00000000         ; *
   14 00000000         ; * THIS SOFTWARE IS PROVIDED "AS IS".  NO WARRANTIES, W
                       HETHER EXPRESS, IMPLIED
   15 00000000         ; * OR STATUTORY, INCLUDING, BUT NOT LIMITED TO, IMPLIED
                        WARRANTIES OF
   16 00000000         ; * MERCHANTABILITY AND FITNESS FOR A PARTICULAR PURPOSE
                        APPLY TO THIS SOFTWARE.
   17 00000000         ; * ARM SHALL NOT, IN ANY CIRCUMSTANCES, BE LIABLE FOR S
                       PECIAL, INCIDENTAL, OR
   18 00000000         ; * CONSEQUENTIAL DAMAGES, FOR ANY REASON WHATSOEVER.
   19 00000000         ; *
   20 00000000         ; ******************************************************
                       ***********************/
   21 00000000         
   22 00000000         
   23 00000000         ; <h> Stack Configuration
   24 00000000         ;   <o> Stack Size (in Bytes) <0x0-0xFFFFFFFF:8>
   25 00000000         ; </h>
   26 00000000         
   27 00000000 00000200 
                       Stack_Size
                               EQU              0x00000200
   28 00000000         
   29 00000000                 AREA             STACK, NOINIT, READWRITE, ALIGN
=3
   30 00000000         Stack_Mem
                               SPACE            Stack_Size
   31 00000200         __initial_sp
   32 00000200         
   33 00000200         
   34 00000200         ; <h> Heap Configuration
   35 00000200         ;   <o>  Heap Size (in Bytes) <0x0-0xFFFFFFFF:8>
   36 00000200         ; </h>
   37 00000200         
   38 00000200 00000200 
                       Heap_Size
                               EQU              0x00000200
   39 00000200         
   40 00000200                 AREA             HEAP, NOINIT, READWRITE, ALIGN=
3
   41 00000000         __heap_base



ARM Macro Assembler    Page 2 


   42 00000000         Heap_Mem
                               SPACE            Heap_Size
   43 00000200         __heap_limit
   44 00000200         
   45 00000200         
   46 00000200                 PRESERVE8
   47 00000200                 THUMB
   48 00000200         
   49 00000200         
   50 00000200         ; Vector Table Mapped to Address 0 at Reset
   51 00000200         
   52 00000200                 AREA             RESET, DATA, READONLY
   53 00000000                 EXPORT           __Vectors
   54 00000000         
   55 00000000 00000000 
                       __Vectors
                               DCD              __initial_sp ;  0: Top of Stack
                                                            
   56 00000004 00000000        DCD              Reset_Handler 
                                                            ;  1: Reset Handler
                                                            
   57 00000008 00000000        DCD              NMI_Handler ;  2: NMI Handler
   58 0000000C 00000000        DCD              HardFault_Handler ;  3: Hard Fa
                                                            ult Handler
   59 00000010 00000000        DCD              MemManage_Handler ;  4: MPU Fau
                                                            lt Handler
   60 00000014 00000000        DCD              BusFault_Handler ;  5: Bus Faul
                                                            t Handler
   61 00000018 00000000        DCD              UsageFault_Handler ;  6: Usage 
                                                            Fault Handler
   62 0000001C 00000000        DCD              0           ;  7: Reserved
   63 00000020 00000000        DCD              0           ;  8: Reserved
   64 00000024 00000000        DCD              0           ;  9: Reserved
   65 00000028 00000000        DCD              0           ; 10: Reserved
   66 0000002C 00000000        DCD              SVC_Handler ; 11: SVCall Handle
                                                            r
   67 00000030 00000000        DCD              DebugMon_Handler ; 12: Debug Mo
                                                            nitor Handler
   68 00000034 00000000        DCD              0           ; 13: Reserved
   69 00000038 00000000        DCD              PendSV_Handler ; 14: PendSV Han
                                                            dler
   70 0000003C 00000000        DCD              SysTick_Handler ; 15: SysTick H
                                                            andler
   71 00000040         
   72 00000040         ; External Interrupts
   73 00000040 00000000        DCD              SUPC_IRQHandler ;  0: Supply Co
                                                            ntroller (SUPC)
   74 00000044 00000000        DCD              RSTC_IRQHandler ;  1: Reset Con
                                                            troller (RSTC)
   75 00000048 00000000        DCD              RTC_IRQHandler ;  2: Real Time 
                                                            Clock (RTC)
   76 0000004C 00000000        DCD              RTT_IRQHandler ;  3: Real Time 
                                                            Timer (RTT)
   77 00000050 00000000        DCD              WDT_IRQHandler ;  4: Watchdog T
                                                            imer (WDT)
   78 00000054 00000000        DCD              PMC_IRQHandler ;  5: Power Mana
                                                            gement Controller (
                                                            PMC)
   79 00000058 00000000        DCD              EFC0_IRQHandler ;  6: Enhanced 



ARM Macro Assembler    Page 3 


                                                            Flash Controller 0 
                                                            (EFC0)
   80 0000005C 00000000        DCD              EFC1_IRQHandler ;  7: Enhanced 
                                                            Flash Controller 1 
                                                            (EFC1)
   81 00000060 00000000        DCD              UART_IRQHandler ;  8: Universal
                                                             Asynchronous Recei
                                                            ver Transceiver (UA
                                                            RT)
   82 00000064 00000000        DCD              SMC_IRQHandler ;  9: Static Mem
                                                            ory Controller (SMC
                                                            )
   83 00000068 00000000        DCD              SDRAMC_IRQHandler ; 10: Synchro
                                                            nous Dynamic RAM Co
                                                            ntroller (SDRAMC)
   84 0000006C 00000000        DCD              PIOA_IRQHandler ; 11: Parallel 
                                                            I/O Controller A + 
                                                            16: (PIOA)
   85 00000070 00000000        DCD              PIOB_IRQHandler ; 12: Parallel 
                                                            I/O Controller B (P
                                                            IOB)
   86 00000074 00000000        DCD              PIOC_IRQHandler ; 13: Parallel 
                                                            I/O Controller C (P
                                                            IOC)
   87 00000078 00000000        DCD              PIOD_IRQHandler ; 14: Parallel 
                                                            I/O Controller D (P
                                                            IOD)
   88 0000007C 00000000        DCD              PIOE_IRQHandler ; 15: Parallel 
                                                            I/O Controller E (P
                                                            IOE)
   89 00000080 00000000        DCD              PIOF_IRQHandler ; 16: Parallel 
                                                            I/O Controller F (P
                                                            IOF)
   90 00000084 00000000        DCD              USART0_IRQHandler ; 17: USART 0
                                                             (USART0)
   91 00000088 00000000        DCD              USART1_IRQHandler ; 18: USART 1
                                                             (USART1)
   92 0000008C 00000000        DCD              USART2_IRQHandler ; 19: USART 2
                                                             (USART2)
   93 00000090 00000000        DCD              USART3_IRQHandler ; 20: USART 3
                                                             (USART3)
   94 00000094 00000000        DCD              HSMCI_IRQHandler ; 21: Multimed
                                                            ia Card Interface (
                                                            HSMCI)
   95 00000098 00000000        DCD              TWI0_IRQHandler ; 22: Two-Wire 
                                                            Interface 0 (TWI0)
   96 0000009C 00000000        DCD              TWI1_IRQHandler ; 23: Two-Wire 
                                                            Interface 1 (TWI1)
   97 000000A0 00000000        DCD              SPI0_IRQHandler ; 24: Serial Pe
                                                            ripheral Interface 
                                                            (SPI0)
   98 000000A4 00000000        DCD              SPI1_IRQHandler ; 25: Serial Pe
                                                            ripheral Interface 
                                                            (SPI1)
   99 000000A8 00000000        DCD              SSC_IRQHandler ; 26: Synchronou
                                                            s Serial Controller
                                                             (SSC)
  100 000000AC 00000000        DCD              TC0_IRQHandler ; 27: Timer Coun
                                                            ter 0 (TC0)



ARM Macro Assembler    Page 4 


  101 000000B0 00000000        DCD              TC1_IRQHandler ; 28: Timer Coun
                                                            ter 1 (TC1)
  102 000000B4 00000000        DCD              TC2_IRQHandler ; 29: Timer Coun
                                                            ter 2 (TC2)
  103 000000B8 00000000        DCD              TC3_IRQHandler ; 30: Timer Coun
                                                            ter 3 (TC3)
  104 000000BC 00000000        DCD              TC4_IRQHandler ; 31: Timer Coun
                                                            ter 4 (TC4)
  105 000000C0 00000000        DCD              TC5_IRQHandler ; 32: Timer Coun
                                                            ter 5 (TC5)
  106 000000C4 00000000        DCD              TC6_IRQHandler ; 33: Timer Coun
                                                            ter 6 (TC6)
  107 000000C8 00000000        DCD              TC7_IRQHandler ; 34: Timer Coun
                                                            ter 7 (TC7)
  108 000000CC 00000000        DCD              TC8_IRQHandler ; 35: Timer Coun
                                                            ter 8 (TC8)
  109 000000D0 00000000        DCD              PWM_IRQHandler ; 36: Pulse Widt
                                                            h Modulation Contro
                                                            ller (PWM)
  110 000000D4 00000000        DCD              ADC_IRQHandler ; 37: ADC Contro
                                                            ller (ADC)
  111 000000D8 00000000        DCD              DACC_IRQHandler ; 38: DAC Contr
                                                            oller (DACC)
  112 000000DC 00000000        DCD              DMAC_IRQHandler ; 39: DMA Contr
                                                            oller (DMAC)
  113 000000E0 00000000        DCD              UOTGHS_IRQHandler ; 40: USB OTG
                                                             High Speed (UOTGHS
                                                            )
  114 000000E4 00000000        DCD              TRNG_IRQHandler ; 41: True Rand
                                                            om Number Generator
                                                             (TRNG)
  115 000000E8 00000000        DCD              EMAC_IRQHandler ; 42: Ethernet 
                                                            MAC (EMAC)
  116 000000EC 00000000        DCD              CAN0_IRQHandler ; 43: CAN Contr
                                                            oller 0 (CAN0)
  117 000000F0 00000000        DCD              CAN1_IRQHandler ; 44: CAN Contr
                                                            oller 1 (CAN1)
  118 000000F4         
  119 000000F4                 AREA             |.text|, CODE, READONLY
  120 00000000         
  121 00000000         
  122 00000000         ; Reset Handler
  123 00000000         
  124 00000000         Reset_Handler
                               PROC
  125 00000000                 EXPORT           Reset_Handler             [WEAK
]
  126 00000000                 IMPORT           SystemInit
  127 00000000                 IMPORT           __main
  128 00000000 4809            LDR              R0, =SystemInit
  129 00000002 4780            BLX              R0
  130 00000004 4809            LDR              R0, =__main
  131 00000006 4700            BX               R0
  132 00000008                 ENDP
  133 00000008         
  134 00000008         
  135 00000008         ; Dummy Exception Handlers (infinite loops which can be 
                       modified)                
  136 00000008         



ARM Macro Assembler    Page 5 


  137 00000008         NMI_Handler
                               PROC
  138 00000008                 EXPORT           NMI_Handler               [WEAK
]
  139 00000008 E7FE            B                .
  140 0000000A                 ENDP
  142 0000000A         HardFault_Handler
                               PROC
  143 0000000A                 EXPORT           HardFault_Handler         [WEAK
]
  144 0000000A E7FE            B                .
  145 0000000C                 ENDP
  147 0000000C         MemManage_Handler
                               PROC
  148 0000000C                 EXPORT           MemManage_Handler         [WEAK
]
  149 0000000C E7FE            B                .
  150 0000000E                 ENDP
  152 0000000E         BusFault_Handler
                               PROC
  153 0000000E                 EXPORT           BusFault_Handler          [WEAK
]
  154 0000000E E7FE            B                .
  155 00000010                 ENDP
  157 00000010         UsageFault_Handler
                               PROC
  158 00000010                 EXPORT           UsageFault_Handler        [WEAK
]
  159 00000010 E7FE            B                .
  160 00000012                 ENDP
  161 00000012         SVC_Handler
                               PROC
  162 00000012                 EXPORT           SVC_Handler               [WEAK
]
  163 00000012 E7FE            B                .
  164 00000014                 ENDP
  166 00000014         DebugMon_Handler
                               PROC
  167 00000014                 EXPORT           DebugMon_Handler          [WEAK
]
  168 00000014 E7FE            B                .
  169 00000016                 ENDP
  170 00000016         PendSV_Handler
                               PROC
  171 00000016                 EXPORT           PendSV_Handler            [WEAK
]
  172 00000016 E7FE            B                .
  173 00000018                 ENDP
  174 00000018         SysTick_Handler
                               PROC
  175 00000018                 EXPORT           SysTick_Handler           [WEAK
]
  176 00000018 E7FE            B                .
  177 0000001A                 ENDP
  178 0000001A         
  179 0000001A         Default_Handler
                               PROC
  180 0000001A         
  181 0000001A                 EXPORT           SUPC_IRQHandler           [WEAK



ARM Macro Assembler    Page 6 


]
  182 0000001A                 EXPORT           RSTC_IRQHandler           [WEAK
]
  183 0000001A                 EXPORT           RTC_IRQHandler            [WEAK
]
  184 0000001A                 EXPORT           RTT_IRQHandler            [WEAK
]
  185 0000001A                 EXPORT           WDT_IRQHandler            [WEAK
]
  186 0000001A                 EXPORT           PMC_IRQHandler            [WEAK
]
  187 0000001A                 EXPORT           EFC0_IRQHandler           [WEAK
]
  188 0000001A                 EXPORT           EFC1_IRQHandler           [WEAK
]
  189 0000001A                 EXPORT           UART_IRQHandler           [WEAK
]
  190 0000001A                 EXPORT           SMC_IRQHandler            [WEAK
]
  191 0000001A                 EXPORT           SDRAMC_IRQHandler         [WEAK
]
  192 0000001A                 EXPORT           PIOA_IRQHandler           [WEAK
]
  193 0000001A                 EXPORT           PIOB_IRQHandler           [WEAK
]
  194 0000001A                 EXPORT           PIOC_IRQHandler           [WEAK
]
  195 0000001A                 EXPORT           PIOD_IRQHandler           [WEAK
]
  196 0000001A                 EXPORT           PIOE_IRQHandler           [WEAK
]
  197 0000001A                 EXPORT           PIOF_IRQHandler           [WEAK
]
  198 0000001A                 EXPORT           USART0_IRQHandler         [WEAK
]
  199 0000001A                 EXPORT           USART1_IRQHandler         [WEAK
]
  200 0000001A                 EXPORT           USART2_IRQHandler         [WEAK
]
  201 0000001A                 EXPORT           USART3_IRQHandler         [WEAK
]
  202 0000001A                 EXPORT           HSMCI_IRQHandler          [WEAK
]
  203 0000001A                 EXPORT           TWI0_IRQHandler           [WEAK
]
  204 0000001A                 EXPORT           TWI1_IRQHandler           [WEAK
]
  205 0000001A                 EXPORT           SPI0_IRQHandler           [WEAK
]
  206 0000001A                 EXPORT           SPI1_IRQHandler           [WEAK
]
  207 0000001A                 EXPORT           SSC_IRQHandler            [WEAK
]
  208 0000001A                 EXPORT           TC0_IRQHandler            [WEAK
]
  209 0000001A                 EXPORT           TC1_IRQHandler            [WEAK
]
  210 0000001A                 EXPORT           TC2_IRQHandler            [WEAK
]



ARM Macro Assembler    Page 7 


  211 0000001A                 EXPORT           TC3_IRQHandler            [WEAK
]
  212 0000001A                 EXPORT           TC4_IRQHandler            [WEAK
]
  213 0000001A                 EXPORT           TC5_IRQHandler            [WEAK
]
  214 0000001A                 EXPORT           TC6_IRQHandler            [WEAK
]
  215 0000001A                 EXPORT           TC7_IRQHandler            [WEAK
]
  216 0000001A                 EXPORT           TC8_IRQHandler            [WEAK
]
  217 0000001A                 EXPORT           PWM_IRQHandler            [WEAK
]
  218 0000001A                 EXPORT           ADC_IRQHandler            [WEAK
]
  219 0000001A                 EXPORT           DACC_IRQHandler           [WEAK
]
  220 0000001A                 EXPORT           DMAC_IRQHandler           [WEAK
]
  221 0000001A                 EXPORT           UOTGHS_IRQHandler         [WEAK
]
  222 0000001A                 EXPORT           TRNG_IRQHandler           [WEAK
]
  223 0000001A                 EXPORT           EMAC_IRQHandler           [WEAK
]
  224 0000001A                 EXPORT           CAN0_IRQHandler           [WEAK
]
  225 0000001A                 EXPORT           CAN1_IRQHandler           [WEAK
]
  226 0000001A         
  227 0000001A         SUPC_IRQHandler
  228 0000001A         RSTC_IRQHandler
  229 0000001A         RTC_IRQHandler
  230 0000001A         RTT_IRQHandler
  231 0000001A         WDT_IRQHandler
  232 0000001A         PMC_IRQHandler
  233 0000001A         EFC0_IRQHandler
  234 0000001A         EFC1_IRQHandler
  235 0000001A         UART_IRQHandler
  236 0000001A         SMC_IRQHandler
  237 0000001A         SDRAMC_IRQHandler
  238 0000001A         PIOA_IRQHandler
  239 0000001A         PIOB_IRQHandler
  240 0000001A         PIOC_IRQHandler
  241 0000001A         PIOD_IRQHandler
  242 0000001A         PIOE_IRQHandler
  243 0000001A         PIOF_IRQHandler
  244 0000001A         USART0_IRQHandler
  245 0000001A         USART1_IRQHandler
  246 0000001A         USART2_IRQHandler
  247 0000001A         USART3_IRQHandler
  248 0000001A         HSMCI_IRQHandler
  249 0000001A         TWI0_IRQHandler
  250 0000001A         TWI1_IRQHandler
  251 0000001A         SPI0_IRQHandler
  252 0000001A         SPI1_IRQHandler
  253 0000001A         SSC_IRQHandler
  254 0000001A         TC0_IRQHandler



ARM Macro Assembler    Page 8 


  255 0000001A         TC1_IRQHandler
  256 0000001A         TC2_IRQHandler
  257 0000001A         TC3_IRQHandler
  258 0000001A         TC4_IRQHandler
  259 0000001A         TC5_IRQHandler
  260 0000001A         TC6_IRQHandler
  261 0000001A         TC7_IRQHandler
  262 0000001A         TC8_IRQHandler
  263 0000001A         PWM_IRQHandler
  264 0000001A         ADC_IRQHandler
  265 0000001A         DACC_IRQHandler
  266 0000001A         DMAC_IRQHandler
  267 0000001A         UOTGHS_IRQHandler
  268 0000001A         TRNG_IRQHandler
  269 0000001A         EMAC_IRQHandler
  270 0000001A         CAN0_IRQHandler
  271 0000001A         CAN1_IRQHandler
  272 0000001A E7FE            B                .
  273 0000001C         
  274 0000001C                 ENDP
  275 0000001C         
  276 0000001C         
  277 0000001C                 ALIGN
  278 0000001C         
  279 0000001C         
  280 0000001C         ; User Initial Stack & Heap
  281 0000001C         
  282 0000001C                 IF               :DEF:__MICROLIB
  289 0000001C         
  290 0000001C                 IMPORT           __use_two_region_memory
  291 0000001C                 EXPORT           __user_initial_stackheap
  292 0000001C         __user_initial_stackheap
  293 0000001C         
  294 0000001C 4804            LDR              R0, =  Heap_Mem
  295 0000001E 4905            LDR              R1, =(Stack_Mem + Stack_Size)
  296 00000020 4A05            LDR              R2, = (Heap_Mem +  Heap_Size)
  297 00000022 4B06            LDR              R3, = Stack_Mem
  298 00000024 4770            BX               LR
  299 00000026         
  300 00000026 00 00           ALIGN
  301 00000028         
  302 00000028                 ENDIF
  303 00000028         
  304 00000028         
  305 00000028                 END
              00000000 
              00000000 
              00000000 
              00000200 
              00000200 
              00000000 
Command Line: --debug --xref --diag_suppress=9931 --cpu=Cortex-M3 --apcs=interw
ork --depend=.\objects\startup_sam3xa.d -o.\objects\startup_sam3xa.o -I.\RTE\_T
arget_1 -ID:\Programs\Keil_v5\ARM\PACK\ARM\CMSIS\5.9.0\CMSIS\Core\Include -ID:\
Programs\Keil_v5\ARM\PACK\Atmel\SAM3X_DFP\1.0.50\include -ID:\Programs\Keil_v5\
ARM\PACK\Keil\SAM3_DFP\1.2.2\Device\SAM3XA\Include -ID:\Programs\Keil_v5\ARM\PA
CK\Atmel\SAM3X_DFP\1.0.50\Device\SAM3XA\Include --predefine="__UVISION_VERSION 
SETA 538" --predefine="_RTE_ SETA 1" --predefine="_RTE_ SETA 1" --predefine="__
SAM3X8E__ SETA 1" --list=.\startup_sam3xa.lst RTE/Device/ATSAM3X8E/startup_SAM3



ARM Macro Assembler    Page 9 


XA.s



ARM Macro Assembler    Page 1 Alphabetic symbol ordering
Relocatable symbols

STACK 00000000

Symbol: STACK
   Definitions
      At line 29 in file RTE/Device/ATSAM3X8E/startup_SAM3XA.s
   Uses
      None
Comment: STACK unused
Stack_Mem 00000000

Symbol: Stack_Mem
   Definitions
      At line 30 in file RTE/Device/ATSAM3X8E/startup_SAM3XA.s
   Uses
      At line 295 in file RTE/Device/ATSAM3X8E/startup_SAM3XA.s
      At line 297 in file RTE/Device/ATSAM3X8E/startup_SAM3XA.s

__initial_sp 00000200

Symbol: __initial_sp
   Definitions
      At line 31 in file RTE/Device/ATSAM3X8E/startup_SAM3XA.s
   Uses
      At line 55 in file RTE/Device/ATSAM3X8E/startup_SAM3XA.s
Comment: __initial_sp used once
3 symbols



ARM Macro Assembler    Page 1 Alphabetic symbol ordering
Relocatable symbols

HEAP 00000000

Symbol: HEAP
   Definitions
      At line 40 in file RTE/Device/ATSAM3X8E/startup_SAM3XA.s
   Uses
      None
Comment: HEAP unused
Heap_Mem 00000000

Symbol: Heap_Mem
   Definitions
      At line 42 in file RTE/Device/ATSAM3X8E/startup_SAM3XA.s
   Uses
      At line 294 in file RTE/Device/ATSAM3X8E/startup_SAM3XA.s
      At line 296 in file RTE/Device/ATSAM3X8E/startup_SAM3XA.s

__heap_base 00000000

Symbol: __heap_base
   Definitions
      At line 41 in file RTE/Device/ATSAM3X8E/startup_SAM3XA.s
   Uses
      None
Comment: __heap_base unused
__heap_limit 00000200

Symbol: __heap_limit
   Definitions
      At line 43 in file RTE/Device/ATSAM3X8E/startup_SAM3XA.s
   Uses
      None
Comment: __heap_limit unused
4 symbols



ARM Macro Assembler    Page 1 Alphabetic symbol ordering
Relocatable symbols

RESET 00000000

Symbol: RESET
   Definitions
      At line 52 in file RTE/Device/ATSAM3X8E/startup_SAM3XA.s
   Uses
      None
Comment: RESET unused
__Vectors 00000000

Symbol: __Vectors
   Definitions
      At line 55 in file RTE/Device/ATSAM3X8E/startup_SAM3XA.s
   Uses
      At line 53 in file RTE/Device/ATSAM3X8E/startup_SAM3XA.s
Comment: __Vectors used once
2 symbols



ARM Macro Assembler    Page 1 Alphabetic symbol ordering
Relocatable symbols

.text 00000000

Symbol: .text
   Definitions
      At line 119 in file RTE/Device/ATSAM3X8E/startup_SAM3XA.s
   Uses
      None
Comment: .text unused
ADC_IRQHandler 0000001A

Symbol: ADC_IRQHandler
   Definitions
      At line 264 in file RTE/Device/ATSAM3X8E/startup_SAM3XA.s
   Uses
      At line 110 in file RTE/Device/ATSAM3X8E/startup_SAM3XA.s
      At line 218 in file RTE/Device/ATSAM3X8E/startup_SAM3XA.s

BusFault_Handler 0000000E

Symbol: BusFault_Handler
   Definitions
      At line 152 in file RTE/Device/ATSAM3X8E/startup_SAM3XA.s
   Uses
      At line 60 in file RTE/Device/ATSAM3X8E/startup_SAM3XA.s
      At line 153 in file RTE/Device/ATSAM3X8E/startup_SAM3XA.s

CAN0_IRQHandler 0000001A

Symbol: CAN0_IRQHandler
   Definitions
      At line 270 in file RTE/Device/ATSAM3X8E/startup_SAM3XA.s
   Uses
      At line 116 in file RTE/Device/ATSAM3X8E/startup_SAM3XA.s
      At line 224 in file RTE/Device/ATSAM3X8E/startup_SAM3XA.s

CAN1_IRQHandler 0000001A

Symbol: CAN1_IRQHandler
   Definitions
      At line 271 in file RTE/Device/ATSAM3X8E/startup_SAM3XA.s
   Uses
      At line 117 in file RTE/Device/ATSAM3X8E/startup_SAM3XA.s
      At line 225 in file RTE/Device/ATSAM3X8E/startup_SAM3XA.s

DACC_IRQHandler 0000001A

Symbol: DACC_IRQHandler
   Definitions
      At line 265 in file RTE/Device/ATSAM3X8E/startup_SAM3XA.s
   Uses
      At line 111 in file RTE/Device/ATSAM3X8E/startup_SAM3XA.s
      At line 219 in file RTE/Device/ATSAM3X8E/startup_SAM3XA.s

DMAC_IRQHandler 0000001A

Symbol: DMAC_IRQHandler
   Definitions
      At line 266 in file RTE/Device/ATSAM3X8E/startup_SAM3XA.s
   Uses



ARM Macro Assembler    Page 2 Alphabetic symbol ordering
Relocatable symbols

      At line 112 in file RTE/Device/ATSAM3X8E/startup_SAM3XA.s
      At line 220 in file RTE/Device/ATSAM3X8E/startup_SAM3XA.s

DebugMon_Handler 00000014

Symbol: DebugMon_Handler
   Definitions
      At line 166 in file RTE/Device/ATSAM3X8E/startup_SAM3XA.s
   Uses
      At line 67 in file RTE/Device/ATSAM3X8E/startup_SAM3XA.s
      At line 167 in file RTE/Device/ATSAM3X8E/startup_SAM3XA.s

Default_Handler 0000001A

Symbol: Default_Handler
   Definitions
      At line 179 in file RTE/Device/ATSAM3X8E/startup_SAM3XA.s
   Uses
      None
Comment: Default_Handler unused
EFC0_IRQHandler 0000001A

Symbol: EFC0_IRQHandler
   Definitions
      At line 233 in file RTE/Device/ATSAM3X8E/startup_SAM3XA.s
   Uses
      At line 79 in file RTE/Device/ATSAM3X8E/startup_SAM3XA.s
      At line 187 in file RTE/Device/ATSAM3X8E/startup_SAM3XA.s

EFC1_IRQHandler 0000001A

Symbol: EFC1_IRQHandler
   Definitions
      At line 234 in file RTE/Device/ATSAM3X8E/startup_SAM3XA.s
   Uses
      At line 80 in file RTE/Device/ATSAM3X8E/startup_SAM3XA.s
      At line 188 in file RTE/Device/ATSAM3X8E/startup_SAM3XA.s

EMAC_IRQHandler 0000001A

Symbol: EMAC_IRQHandler
   Definitions
      At line 269 in file RTE/Device/ATSAM3X8E/startup_SAM3XA.s
   Uses
      At line 115 in file RTE/Device/ATSAM3X8E/startup_SAM3XA.s
      At line 223 in file RTE/Device/ATSAM3X8E/startup_SAM3XA.s

HSMCI_IRQHandler 0000001A

Symbol: HSMCI_IRQHandler
   Definitions
      At line 248 in file RTE/Device/ATSAM3X8E/startup_SAM3XA.s
   Uses
      At line 94 in file RTE/Device/ATSAM3X8E/startup_SAM3XA.s
      At line 202 in file RTE/Device/ATSAM3X8E/startup_SAM3XA.s

HardFault_Handler 0000000A

Symbol: HardFault_Handler



ARM Macro Assembler    Page 3 Alphabetic symbol ordering
Relocatable symbols

   Definitions
      At line 142 in file RTE/Device/ATSAM3X8E/startup_SAM3XA.s
   Uses
      At line 58 in file RTE/Device/ATSAM3X8E/startup_SAM3XA.s
      At line 143 in file RTE/Device/ATSAM3X8E/startup_SAM3XA.s

MemManage_Handler 0000000C

Symbol: MemManage_Handler
   Definitions
      At line 147 in file RTE/Device/ATSAM3X8E/startup_SAM3XA.s
   Uses
      At line 59 in file RTE/Device/ATSAM3X8E/startup_SAM3XA.s
      At line 148 in file RTE/Device/ATSAM3X8E/startup_SAM3XA.s

NMI_Handler 00000008

Symbol: NMI_Handler
   Definitions
      At line 137 in file RTE/Device/ATSAM3X8E/startup_SAM3XA.s
   Uses
      At line 57 in file RTE/Device/ATSAM3X8E/startup_SAM3XA.s
      At line 138 in file RTE/Device/ATSAM3X8E/startup_SAM3XA.s

PIOA_IRQHandler 0000001A

Symbol: PIOA_IRQHandler
   Definitions
      At line 238 in file RTE/Device/ATSAM3X8E/startup_SAM3XA.s
   Uses
      At line 84 in file RTE/Device/ATSAM3X8E/startup_SAM3XA.s
      At line 192 in file RTE/Device/ATSAM3X8E/startup_SAM3XA.s

PIOB_IRQHandler 0000001A

Symbol: PIOB_IRQHandler
   Definitions
      At line 239 in file RTE/Device/ATSAM3X8E/startup_SAM3XA.s
   Uses
      At line 85 in file RTE/Device/ATSAM3X8E/startup_SAM3XA.s
      At line 193 in file RTE/Device/ATSAM3X8E/startup_SAM3XA.s

PIOC_IRQHandler 0000001A

Symbol: PIOC_IRQHandler
   Definitions
      At line 240 in file RTE/Device/ATSAM3X8E/startup_SAM3XA.s
   Uses
      At line 86 in file RTE/Device/ATSAM3X8E/startup_SAM3XA.s
      At line 194 in file RTE/Device/ATSAM3X8E/startup_SAM3XA.s

PIOD_IRQHandler 0000001A

Symbol: PIOD_IRQHandler
   Definitions
      At line 241 in file RTE/Device/ATSAM3X8E/startup_SAM3XA.s
   Uses
      At line 87 in file RTE/Device/ATSAM3X8E/startup_SAM3XA.s
      At line 195 in file RTE/Device/ATSAM3X8E/startup_SAM3XA.s



ARM Macro Assembler    Page 4 Alphabetic symbol ordering
Relocatable symbols


PIOE_IRQHandler 0000001A

Symbol: PIOE_IRQHandler
   Definitions
      At line 242 in file RTE/Device/ATSAM3X8E/startup_SAM3XA.s
   Uses
      At line 88 in file RTE/Device/ATSAM3X8E/startup_SAM3XA.s
      At line 196 in file RTE/Device/ATSAM3X8E/startup_SAM3XA.s

PIOF_IRQHandler 0000001A

Symbol: PIOF_IRQHandler
   Definitions
      At line 243 in file RTE/Device/ATSAM3X8E/startup_SAM3XA.s
   Uses
      At line 89 in file RTE/Device/ATSAM3X8E/startup_SAM3XA.s
      At line 197 in file RTE/Device/ATSAM3X8E/startup_SAM3XA.s

PMC_IRQHandler 0000001A

Symbol: PMC_IRQHandler
   Definitions
      At line 232 in file RTE/Device/ATSAM3X8E/startup_SAM3XA.s
   Uses
      At line 78 in file RTE/Device/ATSAM3X8E/startup_SAM3XA.s
      At line 186 in file RTE/Device/ATSAM3X8E/startup_SAM3XA.s

PWM_IRQHandler 0000001A

Symbol: PWM_IRQHandler
   Definitions
      At line 263 in file RTE/Device/ATSAM3X8E/startup_SAM3XA.s
   Uses
      At line 109 in file RTE/Device/ATSAM3X8E/startup_SAM3XA.s
      At line 217 in file RTE/Device/ATSAM3X8E/startup_SAM3XA.s

PendSV_Handler 00000016

Symbol: PendSV_Handler
   Definitions
      At line 170 in file RTE/Device/ATSAM3X8E/startup_SAM3XA.s
   Uses
      At line 69 in file RTE/Device/ATSAM3X8E/startup_SAM3XA.s
      At line 171 in file RTE/Device/ATSAM3X8E/startup_SAM3XA.s

RSTC_IRQHandler 0000001A

Symbol: RSTC_IRQHandler
   Definitions
      At line 228 in file RTE/Device/ATSAM3X8E/startup_SAM3XA.s
   Uses
      At line 74 in file RTE/Device/ATSAM3X8E/startup_SAM3XA.s
      At line 182 in file RTE/Device/ATSAM3X8E/startup_SAM3XA.s

RTC_IRQHandler 0000001A

Symbol: RTC_IRQHandler
   Definitions



ARM Macro Assembler    Page 5 Alphabetic symbol ordering
Relocatable symbols

      At line 229 in file RTE/Device/ATSAM3X8E/startup_SAM3XA.s
   Uses
      At line 75 in file RTE/Device/ATSAM3X8E/startup_SAM3XA.s
      At line 183 in file RTE/Device/ATSAM3X8E/startup_SAM3XA.s

RTT_IRQHandler 0000001A

Symbol: RTT_IRQHandler
   Definitions
      At line 230 in file RTE/Device/ATSAM3X8E/startup_SAM3XA.s
   Uses
      At line 76 in file RTE/Device/ATSAM3X8E/startup_SAM3XA.s
      At line 184 in file RTE/Device/ATSAM3X8E/startup_SAM3XA.s

Reset_Handler 00000000

Symbol: Reset_Handler
   Definitions
      At line 124 in file RTE/Device/ATSAM3X8E/startup_SAM3XA.s
   Uses
      At line 56 in file RTE/Device/ATSAM3X8E/startup_SAM3XA.s
      At line 125 in file RTE/Device/ATSAM3X8E/startup_SAM3XA.s

SDRAMC_IRQHandler 0000001A

Symbol: SDRAMC_IRQHandler
   Definitions
      At line 237 in file RTE/Device/ATSAM3X8E/startup_SAM3XA.s
   Uses
      At line 83 in file RTE/Device/ATSAM3X8E/startup_SAM3XA.s
      At line 191 in file RTE/Device/ATSAM3X8E/startup_SAM3XA.s

SMC_IRQHandler 0000001A

Symbol: SMC_IRQHandler
   Definitions
      At line 236 in file RTE/Device/ATSAM3X8E/startup_SAM3XA.s
   Uses
      At line 82 in file RTE/Device/ATSAM3X8E/startup_SAM3XA.s
      At line 190 in file RTE/Device/ATSAM3X8E/startup_SAM3XA.s

SPI0_IRQHandler 0000001A

Symbol: SPI0_IRQHandler
   Definitions
      At line 251 in file RTE/Device/ATSAM3X8E/startup_SAM3XA.s
   Uses
      At line 97 in file RTE/Device/ATSAM3X8E/startup_SAM3XA.s
      At line 205 in file RTE/Device/ATSAM3X8E/startup_SAM3XA.s

SPI1_IRQHandler 0000001A

Symbol: SPI1_IRQHandler
   Definitions
      At line 252 in file RTE/Device/ATSAM3X8E/startup_SAM3XA.s
   Uses
      At line 98 in file RTE/Device/ATSAM3X8E/startup_SAM3XA.s
      At line 206 in file RTE/Device/ATSAM3X8E/startup_SAM3XA.s




ARM Macro Assembler    Page 6 Alphabetic symbol ordering
Relocatable symbols

SSC_IRQHandler 0000001A

Symbol: SSC_IRQHandler
   Definitions
      At line 253 in file RTE/Device/ATSAM3X8E/startup_SAM3XA.s
   Uses
      At line 99 in file RTE/Device/ATSAM3X8E/startup_SAM3XA.s
      At line 207 in file RTE/Device/ATSAM3X8E/startup_SAM3XA.s

SUPC_IRQHandler 0000001A

Symbol: SUPC_IRQHandler
   Definitions
      At line 227 in file RTE/Device/ATSAM3X8E/startup_SAM3XA.s
   Uses
      At line 73 in file RTE/Device/ATSAM3X8E/startup_SAM3XA.s
      At line 181 in file RTE/Device/ATSAM3X8E/startup_SAM3XA.s

SVC_Handler 00000012

Symbol: SVC_Handler
   Definitions
      At line 161 in file RTE/Device/ATSAM3X8E/startup_SAM3XA.s
   Uses
      At line 66 in file RTE/Device/ATSAM3X8E/startup_SAM3XA.s
      At line 162 in file RTE/Device/ATSAM3X8E/startup_SAM3XA.s

SysTick_Handler 00000018

Symbol: SysTick_Handler
   Definitions
      At line 174 in file RTE/Device/ATSAM3X8E/startup_SAM3XA.s
   Uses
      At line 70 in file RTE/Device/ATSAM3X8E/startup_SAM3XA.s
      At line 175 in file RTE/Device/ATSAM3X8E/startup_SAM3XA.s

TC0_IRQHandler 0000001A

Symbol: TC0_IRQHandler
   Definitions
      At line 254 in file RTE/Device/ATSAM3X8E/startup_SAM3XA.s
   Uses
      At line 100 in file RTE/Device/ATSAM3X8E/startup_SAM3XA.s
      At line 208 in file RTE/Device/ATSAM3X8E/startup_SAM3XA.s

TC1_IRQHandler 0000001A

Symbol: TC1_IRQHandler
   Definitions
      At line 255 in file RTE/Device/ATSAM3X8E/startup_SAM3XA.s
   Uses
      At line 101 in file RTE/Device/ATSAM3X8E/startup_SAM3XA.s
      At line 209 in file RTE/Device/ATSAM3X8E/startup_SAM3XA.s

TC2_IRQHandler 0000001A

Symbol: TC2_IRQHandler
   Definitions
      At line 256 in file RTE/Device/ATSAM3X8E/startup_SAM3XA.s



ARM Macro Assembler    Page 7 Alphabetic symbol ordering
Relocatable symbols

   Uses
      At line 102 in file RTE/Device/ATSAM3X8E/startup_SAM3XA.s
      At line 210 in file RTE/Device/ATSAM3X8E/startup_SAM3XA.s

TC3_IRQHandler 0000001A

Symbol: TC3_IRQHandler
   Definitions
      At line 257 in file RTE/Device/ATSAM3X8E/startup_SAM3XA.s
   Uses
      At line 103 in file RTE/Device/ATSAM3X8E/startup_SAM3XA.s
      At line 211 in file RTE/Device/ATSAM3X8E/startup_SAM3XA.s

TC4_IRQHandler 0000001A

Symbol: TC4_IRQHandler
   Definitions
      At line 258 in file RTE/Device/ATSAM3X8E/startup_SAM3XA.s
   Uses
      At line 104 in file RTE/Device/ATSAM3X8E/startup_SAM3XA.s
      At line 212 in file RTE/Device/ATSAM3X8E/startup_SAM3XA.s

TC5_IRQHandler 0000001A

Symbol: TC5_IRQHandler
   Definitions
      At line 259 in file RTE/Device/ATSAM3X8E/startup_SAM3XA.s
   Uses
      At line 105 in file RTE/Device/ATSAM3X8E/startup_SAM3XA.s
      At line 213 in file RTE/Device/ATSAM3X8E/startup_SAM3XA.s

TC6_IRQHandler 0000001A

Symbol: TC6_IRQHandler
   Definitions
      At line 260 in file RTE/Device/ATSAM3X8E/startup_SAM3XA.s
   Uses
      At line 106 in file RTE/Device/ATSAM3X8E/startup_SAM3XA.s
      At line 214 in file RTE/Device/ATSAM3X8E/startup_SAM3XA.s

TC7_IRQHandler 0000001A

Symbol: TC7_IRQHandler
   Definitions
      At line 261 in file RTE/Device/ATSAM3X8E/startup_SAM3XA.s
   Uses
      At line 107 in file RTE/Device/ATSAM3X8E/startup_SAM3XA.s
      At line 215 in file RTE/Device/ATSAM3X8E/startup_SAM3XA.s

TC8_IRQHandler 0000001A

Symbol: TC8_IRQHandler
   Definitions
      At line 262 in file RTE/Device/ATSAM3X8E/startup_SAM3XA.s
   Uses
      At line 108 in file RTE/Device/ATSAM3X8E/startup_SAM3XA.s
      At line 216 in file RTE/Device/ATSAM3X8E/startup_SAM3XA.s

TRNG_IRQHandler 0000001A



ARM Macro Assembler    Page 8 Alphabetic symbol ordering
Relocatable symbols


Symbol: TRNG_IRQHandler
   Definitions
      At line 268 in file RTE/Device/ATSAM3X8E/startup_SAM3XA.s
   Uses
      At line 114 in file RTE/Device/ATSAM3X8E/startup_SAM3XA.s
      At line 222 in file RTE/Device/ATSAM3X8E/startup_SAM3XA.s

TWI0_IRQHandler 0000001A

Symbol: TWI0_IRQHandler
   Definitions
      At line 249 in file RTE/Device/ATSAM3X8E/startup_SAM3XA.s
   Uses
      At line 95 in file RTE/Device/ATSAM3X8E/startup_SAM3XA.s
      At line 203 in file RTE/Device/ATSAM3X8E/startup_SAM3XA.s

TWI1_IRQHandler 0000001A

Symbol: TWI1_IRQHandler
   Definitions
      At line 250 in file RTE/Device/ATSAM3X8E/startup_SAM3XA.s
   Uses
      At line 96 in file RTE/Device/ATSAM3X8E/startup_SAM3XA.s
      At line 204 in file RTE/Device/ATSAM3X8E/startup_SAM3XA.s

UART_IRQHandler 0000001A

Symbol: UART_IRQHandler
   Definitions
      At line 235 in file RTE/Device/ATSAM3X8E/startup_SAM3XA.s
   Uses
      At line 81 in file RTE/Device/ATSAM3X8E/startup_SAM3XA.s
      At line 189 in file RTE/Device/ATSAM3X8E/startup_SAM3XA.s

UOTGHS_IRQHandler 0000001A

Symbol: UOTGHS_IRQHandler
   Definitions
      At line 267 in file RTE/Device/ATSAM3X8E/startup_SAM3XA.s
   Uses
      At line 113 in file RTE/Device/ATSAM3X8E/startup_SAM3XA.s
      At line 221 in file RTE/Device/ATSAM3X8E/startup_SAM3XA.s

USART0_IRQHandler 0000001A

Symbol: USART0_IRQHandler
   Definitions
      At line 244 in file RTE/Device/ATSAM3X8E/startup_SAM3XA.s
   Uses
      At line 90 in file RTE/Device/ATSAM3X8E/startup_SAM3XA.s
      At line 198 in file RTE/Device/ATSAM3X8E/startup_SAM3XA.s

USART1_IRQHandler 0000001A

Symbol: USART1_IRQHandler
   Definitions
      At line 245 in file RTE/Device/ATSAM3X8E/startup_SAM3XA.s
   Uses



ARM Macro Assembler    Page 9 Alphabetic symbol ordering
Relocatable symbols

      At line 91 in file RTE/Device/ATSAM3X8E/startup_SAM3XA.s
      At line 199 in file RTE/Device/ATSAM3X8E/startup_SAM3XA.s

USART2_IRQHandler 0000001A

Symbol: USART2_IRQHandler
   Definitions
      At line 246 in file RTE/Device/ATSAM3X8E/startup_SAM3XA.s
   Uses
      At line 92 in file RTE/Device/ATSAM3X8E/startup_SAM3XA.s
      At line 200 in file RTE/Device/ATSAM3X8E/startup_SAM3XA.s

USART3_IRQHandler 0000001A

Symbol: USART3_IRQHandler
   Definitions
      At line 247 in file RTE/Device/ATSAM3X8E/startup_SAM3XA.s
   Uses
      At line 93 in file RTE/Device/ATSAM3X8E/startup_SAM3XA.s
      At line 201 in file RTE/Device/ATSAM3X8E/startup_SAM3XA.s

UsageFault_Handler 00000010

Symbol: UsageFault_Handler
   Definitions
      At line 157 in file RTE/Device/ATSAM3X8E/startup_SAM3XA.s
   Uses
      At line 61 in file RTE/Device/ATSAM3X8E/startup_SAM3XA.s
      At line 158 in file RTE/Device/ATSAM3X8E/startup_SAM3XA.s

WDT_IRQHandler 0000001A

Symbol: WDT_IRQHandler
   Definitions
      At line 231 in file RTE/Device/ATSAM3X8E/startup_SAM3XA.s
   Uses
      At line 77 in file RTE/Device/ATSAM3X8E/startup_SAM3XA.s
      At line 185 in file RTE/Device/ATSAM3X8E/startup_SAM3XA.s

__user_initial_stackheap 0000001C

Symbol: __user_initial_stackheap
   Definitions
      At line 292 in file RTE/Device/ATSAM3X8E/startup_SAM3XA.s
   Uses
      At line 291 in file RTE/Device/ATSAM3X8E/startup_SAM3XA.s
Comment: __user_initial_stackheap used once
58 symbols



ARM Macro Assembler    Page 1 Alphabetic symbol ordering
Absolute symbols

Heap_Size 00000200

Symbol: Heap_Size
   Definitions
      At line 38 in file RTE/Device/ATSAM3X8E/startup_SAM3XA.s
   Uses
      At line 42 in file RTE/Device/ATSAM3X8E/startup_SAM3XA.s
      At line 296 in file RTE/Device/ATSAM3X8E/startup_SAM3XA.s

Stack_Size 00000200

Symbol: Stack_Size
   Definitions
      At line 27 in file RTE/Device/ATSAM3X8E/startup_SAM3XA.s
   Uses
      At line 30 in file RTE/Device/ATSAM3X8E/startup_SAM3XA.s
      At line 295 in file RTE/Device/ATSAM3X8E/startup_SAM3XA.s

2 symbols



ARM Macro Assembler    Page 1 Alphabetic symbol ordering
External symbols

SystemInit 00000000

Symbol: SystemInit
   Definitions
      At line 126 in file RTE/Device/ATSAM3X8E/startup_SAM3XA.s
   Uses
      At line 128 in file RTE/Device/ATSAM3X8E/startup_SAM3XA.s
Comment: SystemInit used once
__main 00000000

Symbol: __main
   Definitions
      At line 127 in file RTE/Device/ATSAM3X8E/startup_SAM3XA.s
   Uses
      At line 130 in file RTE/Device/ATSAM3X8E/startup_SAM3XA.s
Comment: __main used once
__use_two_region_memory 00000000

Symbol: __use_two_region_memory
   Definitions
      At line 290 in file RTE/Device/ATSAM3X8E/startup_SAM3XA.s
   Uses
      None
Comment: __use_two_region_memory unused
3 symbols
409 symbols in table
